2019-05-16 21:02:47 DEBUG seleniumTestSuite:25 - testCheckConcludedTopic
2019-05-16 21:06:03 DEBUG seleniumTestSuite:33 - setUpWebBrowser(browser) - returns HomePage with chosen browser driver
2019-05-16 21:06:05 DEBUG LoginPage:34 - Open login page
2019-05-16 21:06:36 DEBUG LoginPage:44 - Sign in
2019-05-16 21:06:45 DEBUG LoginPage:57 - Uncheck 'remember me' checkbox
2019-05-16 21:10:56 DEBUG seleniumTestSuite:25 - testCheckConcludedTopic
2019-05-16 21:14:40 DEBUG seleniumTestSuite:33 - setUpWebBrowser(browser) - returns HomePage with chosen browser driver
2019-05-16 21:14:42 DEBUG LoginPage:34 - Open login page
2019-05-16 21:15:07 DEBUG LoginPage:44 - Sign in
2019-05-16 21:15:27 DEBUG LoginPage:57 - Uncheck 'remember me' checkbox
2019-05-16 21:23:06 DEBUG seleniumTestSuite:25 - testCheckConcludedTopic
2019-05-16 21:26:06 DEBUG seleniumTestSuite:33 - setUpWebBrowser(browser) - returns HomePage with chosen browser driver
2019-05-16 21:26:08 DEBUG LoginPage:34 - Open login page
2019-05-16 21:26:25 DEBUG LoginPage:44 - Sign in
2019-05-16 21:26:27 DEBUG LoginPage:57 - Uncheck 'remember me' checkbox
2019-05-16 21:26:58 DEBUG BasePage:58 - Logout
2019-05-16 21:32:29 DEBUG seleniumTestSuite:25 - testCheckConcludedTopic
2019-05-16 21:40:02 DEBUG seleniumTestSuite:25 - testCheckConcludedTopic
2019-05-16 21:43:38 DEBUG seleniumTestSuite:33 - setUpWebBrowser(browser) - returns HomePage with chosen browser driver
2019-05-16 21:43:39 DEBUG LoginPage:34 - Open login page
2019-05-16 21:43:50 DEBUG LoginPage:44 - Sign in
2019-05-16 21:43:52 DEBUG LoginPage:57 - Uncheck 'remember me' checkbox
2019-05-16 21:44:06 DEBUG BasePage:58 - Logout
2019-05-16 21:46:50 DEBUG seleniumTestSuite:25 - testCreateTopicAndConclusion
2019-05-16 21:50:02 DEBUG seleniumTestSuite:33 - setUpWebBrowser(browser) - returns HomePage with chosen browser driver
2019-05-16 21:50:12 DEBUG LoginPage:34 - Open login page
2019-05-16 21:50:21 DEBUG LoginPage:44 - Sign in
2019-05-16 21:50:23 DEBUG LoginPage:57 - Uncheck 'remember me' checkbox
2019-05-16 21:50:30 DEBUG HomePage:51 - createGroupFromHomePage
2019-05-16 22:04:09 DEBUG seleniumTestSuite:25 - testCreateTopicAndConclusion
2019-05-16 22:15:00 DEBUG seleniumTestSuite:25 - testCreateTopicAndConclusion
2019-05-16 22:17:45 DEBUG seleniumTestSuite:33 - setUpWebBrowser(browser) - returns HomePage with chosen browser driver
2019-05-16 22:17:46 DEBUG LoginPage:34 - Open login page
2019-05-16 22:17:53 DEBUG LoginPage:44 - Sign in
2019-05-16 22:17:54 DEBUG LoginPage:57 - Uncheck 'remember me' checkbox
2019-05-16 22:17:57 DEBUG HomePage:51 - createGroupFromHomePage
2019-05-16 22:21:42 DEBUG seleniumTestSuite:28 - testUploadProfileImage
2019-05-16 22:24:55 DEBUG seleniumTestSuite:33 - setUpWebBrowser(browser) - returns HomePage with chosen browser driver
2019-05-16 22:24:55 DEBUG LoginPage:34 - Open login page
2019-05-16 22:25:27 DEBUG LoginPage:44 - Sign in
2019-05-16 22:25:36 DEBUG LoginPage:57 - Uncheck 'remember me' checkbox
2019-05-16 22:25:41 DEBUG HomePage:38 - Click on user profile
2019-05-16 22:25:57 DEBUG ProfilePage:44 - Click on user image
2019-05-16 22:26:09 DEBUG seleniumTestSuite:45 - Successfull first test
2019-05-16 22:31:43 DEBUG seleniumTestSuite:28 - testUploadProfileImage
2019-05-16 22:45:50 DEBUG seleniumTestSuite:29 - testUploadProfileImage
2019-05-16 22:51:33 DEBUG seleniumTestSuite:29 - testUploadProfileImage
2019-05-16 23:08:50 DEBUG seleniumTestSuite:33 - setUpWebBrowser(browser) - returns HomePage with chosen browser driver
2019-05-16 23:08:51 INFO  seleniumTestSuite:23 - setUp()
2019-05-16 23:08:53 DEBUG seleniumTestSuite:29 - testUploadProfileImage
2019-05-16 23:08:59 DEBUG LoginPage:32 - Open login page
2019-05-16 23:09:05 DEBUG LoginPage:40 - Sign in
2019-05-16 23:09:10 DEBUG LoginPage:51 - Uncheck 'remember me' checkbox
2019-05-16 23:09:16 DEBUG HomePage:36 - Click on user profile
2019-05-16 23:09:21 DEBUG ProfilePage:38 - Click on user image
2019-05-16 23:09:30 DEBUG seleniumTestSuite:44 - Successfull first test
2019-05-16 23:09:30 DEBUG BasePage:58 - Logout
2019-05-16 23:09:30 DEBUG seleniumTestSuite:51 - Closing  browser
2019-05-16 23:14:09 DEBUG seleniumTestSuite:29 - testUploadProfileImage
2019-05-16 23:16:27 DEBUG seleniumTestSuite:33 - setUpWebBrowser(browser) - returns HomePage with chosen browser driver
2019-05-16 23:16:27 DEBUG LoginPage:32 - Open login page
2019-05-16 23:16:31 DEBUG LoginPage:40 - Sign in
2019-05-16 23:16:31 DEBUG LoginPage:51 - Uncheck 'remember me' checkbox
2019-05-16 23:16:32 DEBUG HomePage:36 - Click on user profile
2019-05-16 23:16:38 DEBUG ProfilePage:38 - Click on user image
2019-05-16 23:16:38 DEBUG ProfilePage:72 - Upload file from: java.awt.datatransfer.StringSelection@f05b03
2019-05-16 23:20:55 DEBUG ProfilePage:95 - upload is done
2019-05-16 23:28:08 DEBUG seleniumTestSuite:29 - testUploadProfileImage
2019-05-16 23:30:51 DEBUG seleniumTestSuite:33 - setUpWebBrowser(browser) - returns HomePage with chosen browser driver
2019-05-16 23:30:52 DEBUG LoginPage:32 - Open login page
2019-05-16 23:30:57 DEBUG LoginPage:40 - Sign in
2019-05-16 23:30:59 DEBUG LoginPage:51 - Uncheck 'remember me' checkbox
2019-05-16 23:31:20 DEBUG HomePage:36 - Click on user profile
2019-05-16 23:31:24 DEBUG ProfilePage:40 - Click on user image
2019-05-16 23:31:28 DEBUG ProfilePage:74 - Upload file from: java.awt.datatransfer.StringSelection@1284218
2019-05-16 23:31:41 DEBUG ProfilePage:98 - upload is done
2019-05-16 23:31:41 DEBUG seleniumTestSuite:44 - Successfull first test
2019-05-16 23:31:41 DEBUG BasePage:58 - Logout
2019-05-16 23:31:45 DEBUG seleniumTestSuite:51 - Closing  browser
2019-05-16 23:34:33 DEBUG seleniumTestSuite:29 - testUploadProfileImage
2019-05-16 23:36:59 DEBUG seleniumTestSuite:33 - setUpWebBrowser(browser) - returns HomePage with chosen browser driver
2019-05-16 23:37:00 DEBUG LoginPage:32 - Open login page
2019-05-16 23:37:04 DEBUG LoginPage:40 - Sign in
2019-05-16 23:37:04 DEBUG LoginPage:51 - Uncheck 'remember me' checkbox
2019-05-16 23:37:05 DEBUG HomePage:36 - Click on user profile
2019-05-16 23:37:09 DEBUG ProfilePage:40 - Click on user image
2019-05-16 23:37:10 DEBUG ProfilePage:74 - Upload file from: java.awt.datatransfer.StringSelection@1b7f657
2019-05-16 23:37:11 DEBUG ProfilePage:98 - upload is done
2019-05-16 23:37:11 DEBUG seleniumTestSuite:44 - Successfull first test
2019-05-16 23:37:11 DEBUG BasePage:58 - Logout
2019-05-16 23:37:12 DEBUG seleniumTestSuite:51 - Closing  browser
2019-05-16 23:41:13 DEBUG seleniumTestSuite:29 - testUploadProfileImage
2019-05-16 23:43:38 DEBUG seleniumTestSuite:33 - setUpWebBrowser(browser) - returns HomePage with chosen browser driver
2019-05-16 23:43:38 DEBUG LoginPage:32 - Open login page
2019-05-16 23:43:41 DEBUG LoginPage:40 - Sign in
2019-05-16 23:43:43 DEBUG LoginPage:51 - Uncheck 'remember me' checkbox
2019-05-16 23:43:44 DEBUG HomePage:36 - Click on user profile
2019-05-16 23:43:48 DEBUG ProfilePage:40 - Click on user image
2019-05-16 23:43:54 DEBUG seleniumTestSuite:51 - Closing  browser
2019-05-16 23:47:03 DEBUG seleniumTestSuite:29 - testUploadProfileImage
2019-05-16 23:49:15 DEBUG seleniumTestSuite:33 - setUpWebBrowser(browser) - returns HomePage with chosen browser driver
2019-05-16 23:49:15 DEBUG LoginPage:32 - Open login page
2019-05-16 23:49:18 DEBUG LoginPage:40 - Sign in
2019-05-16 23:49:19 DEBUG LoginPage:51 - Uncheck 'remember me' checkbox
2019-05-16 23:49:21 DEBUG HomePage:36 - Click on user profile
2019-05-16 23:49:24 DEBUG ProfilePage:40 - Click on user image
2019-05-16 23:49:30 DEBUG seleniumTestSuite:51 - Closing  browser
2019-05-16 23:58:36 DEBUG seleniumTestSuite:29 - testUploadProfileImage
2019-05-17 00:01:10 DEBUG seleniumTestSuite:33 - setUpWebBrowser(browser) - returns HomePage with chosen browser driver
2019-05-17 00:01:11 DEBUG LoginPage:32 - Open login page
2019-05-17 00:01:14 DEBUG LoginPage:40 - Sign in
2019-05-17 00:01:18 DEBUG LoginPage:51 - Uncheck 'remember me' checkbox
2019-05-17 00:01:20 DEBUG HomePage:36 - Click on user profile
2019-05-17 00:01:24 DEBUG ProfilePage:40 - Click on user image
2019-05-17 00:01:44 DEBUG seleniumTestSuite:51 - Closing  browser
2019-05-17 00:08:14 DEBUG seleniumTestSuite:25 - testCreateTopicAndConclusion
2019-05-17 00:11:40 DEBUG seleniumTestSuite:33 - setUpWebBrowser(browser) - returns HomePage with chosen browser driver
2019-05-17 00:11:41 DEBUG LoginPage:32 - Open login page
2019-05-17 00:11:44 DEBUG LoginPage:40 - Sign in
2019-05-17 00:11:46 DEBUG LoginPage:51 - Uncheck 'remember me' checkbox
2019-05-17 00:11:48 DEBUG HomePage:48 - createGroupFromHomePage
2019-05-17 00:11:51 DEBUG GroupsTopicsPage:63 - create topic
2019-05-17 00:12:07 DEBUG seleniumTestSuite:53 - Closing  browser
2019-05-17 00:17:08 DEBUG seleniumTestSuite:25 - testCreateTopicAndConclusion
2019-05-17 00:19:31 DEBUG seleniumTestSuite:33 - setUpWebBrowser(browser) - returns HomePage with chosen browser driver
2019-05-17 00:19:32 DEBUG LoginPage:32 - Open login page
2019-05-17 00:19:36 DEBUG LoginPage:40 - Sign in
2019-05-17 00:19:36 DEBUG LoginPage:51 - Uncheck 'remember me' checkbox
2019-05-17 00:19:37 DEBUG HomePage:48 - createGroupFromHomePage
2019-05-17 00:19:39 DEBUG GroupsTopicsPage:63 - create topic
2019-05-17 00:19:45 DEBUG seleniumTestSuite:53 - Closing  browser
2019-05-17 00:23:03 DEBUG seleniumTestSuite:25 - testCreateTopicAndConclusion
2019-05-17 00:25:31 DEBUG seleniumTestSuite:33 - setUpWebBrowser(browser) - returns HomePage with chosen browser driver
2019-05-17 00:25:31 DEBUG LoginPage:32 - Open login page
2019-05-17 00:25:35 DEBUG LoginPage:40 - Sign in
2019-05-17 00:25:36 DEBUG LoginPage:51 - Uncheck 'remember me' checkbox
2019-05-17 00:25:37 DEBUG HomePage:48 - createGroupFromHomePage
2019-05-17 00:25:39 DEBUG GroupsTopicsPage:63 - create topic
2019-05-17 00:25:46 DEBUG seleniumTestSuite:53 - Closing  browser
2019-05-17 09:06:58 DEBUG seleniumTestSuite:29 - testUploadProfileImage
2019-05-17 09:07:05 DEBUG seleniumTestSuite:33 - setUpWebBrowser(browser) - returns HomePage with chosen browser driver
2019-05-17 09:07:05 DEBUG LoginPage:32 - Open login page
2019-05-17 09:07:08 DEBUG LoginPage:40 - Sign in
2019-05-17 09:07:08 DEBUG LoginPage:51 - Uncheck 'remember me' checkbox
2019-05-17 09:07:10 DEBUG HomePage:36 - Click on user profile
2019-05-17 09:07:12 DEBUG ProfilePage:40 - Click on user image
2019-05-17 09:07:32 DEBUG seleniumTestSuite:51 - Closing  browser
2019-05-17 09:07:48 DEBUG seleniumTestSuite:25 - testCreateTopicAndConclusion
2019-05-17 09:07:54 DEBUG seleniumTestSuite:33 - setUpWebBrowser(browser) - returns HomePage with chosen browser driver
2019-05-17 09:07:55 DEBUG LoginPage:32 - Open login page
2019-05-17 09:07:57 DEBUG LoginPage:40 - Sign in
2019-05-17 09:07:57 DEBUG LoginPage:51 - Uncheck 'remember me' checkbox
2019-05-17 09:07:58 DEBUG HomePage:48 - createGroupFromHomePage
2019-05-17 09:08:01 DEBUG GroupsTopicsPage:63 - create topic
2019-05-17 09:08:12 DEBUG BasePage:58 - Logout
2019-05-17 09:08:13 DEBUG seleniumTestSuite:53 - Closing  browser
2019-05-17 09:08:45 DEBUG seleniumTestSuite:25 - testCreateTopicAndConclusion
2019-05-17 09:08:50 DEBUG seleniumTestSuite:33 - setUpWebBrowser(browser) - returns HomePage with chosen browser driver
2019-05-17 09:08:50 DEBUG LoginPage:32 - Open login page
2019-05-17 09:08:53 DEBUG LoginPage:40 - Sign in
2019-05-17 09:08:53 DEBUG LoginPage:51 - Uncheck 'remember me' checkbox
2019-05-17 09:08:54 DEBUG HomePage:48 - createGroupFromHomePage
2019-05-17 09:08:56 DEBUG GroupsTopicsPage:63 - create topic
2019-05-17 09:09:05 DEBUG BasePage:58 - Logout
2019-05-17 09:09:07 DEBUG seleniumTestSuite:53 - Closing  browser
2019-05-17 09:09:28 DEBUG seleniumTestSuite:25 - testCreateTopicAndConclusion
2019-05-17 09:09:34 DEBUG seleniumTestSuite:25 - testCreateTopicAndConclusion
2019-05-17 09:09:39 DEBUG seleniumTestSuite:33 - setUpWebBrowser(browser) - returns HomePage with chosen browser driver
2019-05-17 09:09:40 DEBUG LoginPage:32 - Open login page
2019-05-17 09:09:42 DEBUG LoginPage:40 - Sign in
2019-05-17 09:09:42 DEBUG LoginPage:51 - Uncheck 'remember me' checkbox
2019-05-17 09:09:43 DEBUG HomePage:48 - createGroupFromHomePage
2019-05-17 09:09:45 DEBUG GroupsTopicsPage:63 - create topic
2019-05-17 09:10:32 DEBUG seleniumTestSuite:53 - Closing  browser
2019-05-17 09:10:47 DEBUG seleniumTestSuite:25 - testCreateTopicAndConclusion
2019-05-17 09:10:52 DEBUG seleniumTestSuite:33 - setUpWebBrowser(browser) - returns HomePage with chosen browser driver
2019-05-17 09:10:52 DEBUG LoginPage:32 - Open login page
2019-05-17 09:10:54 DEBUG LoginPage:40 - Sign in
2019-05-17 09:10:54 DEBUG LoginPage:51 - Uncheck 'remember me' checkbox
2019-05-17 09:10:56 DEBUG HomePage:48 - createGroupFromHomePage
2019-05-17 09:10:58 DEBUG GroupsTopicsPage:63 - create topic
2019-05-17 09:11:08 DEBUG BasePage:58 - Logout
2019-05-17 09:11:11 DEBUG seleniumTestSuite:53 - Closing  browser
2019-05-17 09:12:12 DEBUG seleniumTestSuite:25 - testCreateTopicAndConclusion
2019-05-17 09:12:22 DEBUG seleniumTestSuite:33 - setUpWebBrowser(browser) - returns HomePage with chosen browser driver
2019-05-17 09:12:22 DEBUG LoginPage:32 - Open login page
2019-05-17 09:12:26 DEBUG LoginPage:40 - Sign in
2019-05-17 09:12:26 DEBUG LoginPage:51 - Uncheck 'remember me' checkbox
2019-05-17 09:12:30 DEBUG HomePage:48 - createGroupFromHomePage
2019-05-17 09:12:31 DEBUG GroupsTopicsPage:63 - create topic
2019-05-17 09:12:41 DEBUG BasePage:58 - Logout
2019-05-17 09:12:44 DEBUG seleniumTestSuite:53 - Closing  browser
2019-05-17 09:13:47 DEBUG seleniumTestSuite:25 - testCreateTopicAndConclusion
2019-05-17 09:13:56 DEBUG seleniumTestSuite:33 - setUpWebBrowser(browser) - returns HomePage with chosen browser driver
2019-05-17 09:13:56 DEBUG LoginPage:32 - Open login page
2019-05-17 09:14:00 DEBUG LoginPage:40 - Sign in
2019-05-17 09:14:00 DEBUG LoginPage:51 - Uncheck 'remember me' checkbox
2019-05-17 09:14:02 DEBUG HomePage:48 - createGroupFromHomePage
2019-05-17 09:14:04 DEBUG GroupsTopicsPage:63 - create topic
2019-05-17 09:14:05 DEBUG GroupsTopicsPage:72 - created topic: topic test 1558077227641
2019-05-17 09:14:13 DEBUG BasePage:58 - Logout
2019-05-17 09:14:17 DEBUG seleniumTestSuite:53 - Closing  browser
2019-05-17 09:14:43 DEBUG seleniumTestSuite:23 - testCheckConcludedTopic
2019-05-17 09:14:53 DEBUG seleniumTestSuite:33 - setUpWebBrowser(browser) - returns HomePage with chosen browser driver
2019-05-17 09:14:53 DEBUG LoginPage:32 - Open login page
2019-05-17 09:14:56 DEBUG LoginPage:40 - Sign in
2019-05-17 09:14:57 DEBUG LoginPage:51 - Uncheck 'remember me' checkbox
2019-05-17 09:15:01 DEBUG HomePage:22 - getConclusionsInitiator
2019-05-17 09:15:02 DEBUG BasePage:58 - Logout
2019-05-17 09:15:06 DEBUG seleniumTestSuite:43 - Closing  browser
2019-05-17 09:15:15 DEBUG seleniumTestSuite:23 - testCheckConcludedTopic
2019-05-17 09:15:20 DEBUG seleniumTestSuite:33 - setUpWebBrowser(browser) - returns HomePage with chosen browser driver
2019-05-17 09:15:20 DEBUG LoginPage:32 - Open login page
2019-05-17 09:15:21 DEBUG LoginPage:40 - Sign in
2019-05-17 09:15:22 DEBUG LoginPage:51 - Uncheck 'remember me' checkbox
2019-05-17 09:15:26 DEBUG HomePage:22 - getConclusionsInitiator
2019-05-17 09:15:28 DEBUG BasePage:58 - Logout
2019-05-17 09:15:34 DEBUG seleniumTestSuite:43 - Closing  browser
2019-05-17 09:15:46 DEBUG seleniumTestSuite:23 - testCheckConcludedTopic
2019-05-17 09:15:53 DEBUG seleniumTestSuite:33 - setUpWebBrowser(browser) - returns HomePage with chosen browser driver
2019-05-17 09:15:53 DEBUG LoginPage:32 - Open login page
2019-05-17 09:15:56 DEBUG LoginPage:40 - Sign in
2019-05-17 09:15:57 DEBUG LoginPage:51 - Uncheck 'remember me' checkbox
2019-05-17 09:16:02 DEBUG HomePage:22 - getConclusionsInitiator
2019-05-17 09:16:03 DEBUG BasePage:58 - Logout
2019-05-17 09:16:05 DEBUG seleniumTestSuite:43 - Closing  browser
2019-05-17 09:18:06 DEBUG seleniumTestSuite:23 - testCheckConcludedTopic
2019-05-17 09:18:11 DEBUG seleniumTestSuite:33 - setUpWebBrowser(browser) - returns HomePage with chosen browser driver
2019-05-17 09:18:11 DEBUG LoginPage:32 - Open login page
2019-05-17 09:18:15 DEBUG LoginPage:40 - Sign in
2019-05-17 09:18:16 DEBUG LoginPage:51 - Uncheck 'remember me' checkbox
2019-05-17 09:18:19 DEBUG HomePage:22 - getConclusionsInitiator
2019-05-17 09:18:21 DEBUG BasePage:58 - Logout
2019-05-17 09:18:24 DEBUG seleniumTestSuite:43 - Closing  browser
2019-05-17 13:39:59 DEBUG ProfilePage:31 - testUploadProfileImage
2019-05-17 13:40:06 DEBUG seleniumTestSuite:33 - setUpWebBrowser(browser) - returns HomePage with chosen browser driver
2019-05-17 13:40:06 DEBUG LoginPage:32 - Open login page
2019-05-17 13:40:14 DEBUG LoginPage:40 - Sign in
2019-05-17 13:40:17 DEBUG LoginPage:51 - Uncheck 'remember me' checkbox
2019-05-17 13:40:19 DEBUG HomePage:36 - Click on user profile
2019-05-17 13:40:24 DEBUG ProfilePage:41 - Click on user image
2019-05-17 13:40:44 DEBUG ProfilePage:53 - Closing  browser
2019-05-17 13:45:39 DEBUG ProfilePage:31 - testUploadProfileImage
2019-05-17 13:45:46 DEBUG seleniumTestSuite:33 - setUpWebBrowser(browser) - returns HomePage with chosen browser driver
2019-05-17 13:45:46 DEBUG LoginPage:32 - Open login page
2019-05-17 13:45:51 DEBUG LoginPage:40 - Sign in
2019-05-17 13:45:52 DEBUG LoginPage:51 - Uncheck 'remember me' checkbox
2019-05-17 13:45:54 DEBUG HomePage:36 - Click on user profile
2019-05-17 13:45:58 DEBUG ProfilePage:41 - Click on user image
2019-05-17 13:46:19 DEBUG ProfilePage:53 - Closing  browser
2019-05-17 13:47:07 DEBUG ProfilePage:31 - testUploadProfileImage
2019-05-17 13:47:14 DEBUG seleniumTestSuite:33 - setUpWebBrowser(browser) - returns HomePage with chosen browser driver
2019-05-17 13:47:14 DEBUG LoginPage:32 - Open login page
2019-05-17 13:47:19 DEBUG LoginPage:40 - Sign in
2019-05-17 13:47:21 DEBUG LoginPage:51 - Uncheck 'remember me' checkbox
2019-05-17 13:47:22 DEBUG HomePage:36 - Click on user profile
2019-05-17 13:47:26 DEBUG ProfilePage:41 - Click on user image
2019-05-17 13:47:47 DEBUG ProfilePage:53 - Closing  browser
2019-05-17 14:04:43 DEBUG ProfilePage:31 - testUploadProfileImage
2019-05-17 14:04:50 DEBUG seleniumTestSuite:33 - setUpWebBrowser(browser) - returns HomePage with chosen browser driver
2019-05-17 14:04:50 DEBUG LoginPage:32 - Open login page
2019-05-17 14:04:57 DEBUG LoginPage:40 - Sign in
2019-05-17 14:04:59 DEBUG LoginPage:51 - Uncheck 'remember me' checkbox
2019-05-17 14:05:01 DEBUG HomePage:36 - Click on user profile
2019-05-17 14:05:05 DEBUG ProfilePage:41 - Click on user image
2019-05-17 14:05:25 DEBUG ProfilePage:53 - Closing  browser
2019-05-17 14:07:25 DEBUG ProfilePage:31 - testUploadProfileImage
2019-05-17 14:07:30 DEBUG seleniumTestSuite:33 - setUpWebBrowser(browser) - returns HomePage with chosen browser driver
2019-05-17 14:07:30 DEBUG LoginPage:32 - Open login page
2019-05-17 14:07:35 DEBUG LoginPage:40 - Sign in
2019-05-17 14:07:37 DEBUG LoginPage:51 - Uncheck 'remember me' checkbox
2019-05-17 14:07:39 DEBUG HomePage:36 - Click on user profile
2019-05-17 14:07:43 DEBUG ProfilePage:49 - Click on user image
2019-05-17 14:07:45 DEBUG ProfilePage:86 - Upload file from: java.awt.datatransfer.StringSelection@48d61b48
2019-05-17 14:07:45 DEBUG ProfilePage:111 - confirm upload
2019-05-17 14:07:46 DEBUG ProfilePage:47 - Successfull first test
2019-05-17 14:07:46 DEBUG BasePage:60 - Logout
2019-05-17 14:07:46 DEBUG ProfilePage:54 - Closing  browser
2019-05-17 14:08:04 DEBUG ProfilePage:31 - testUploadProfileImage
2019-05-17 14:08:09 DEBUG seleniumTestSuite:33 - setUpWebBrowser(browser) - returns HomePage with chosen browser driver
2019-05-17 14:08:09 DEBUG LoginPage:32 - Open login page
2019-05-17 14:08:20 DEBUG LoginPage:40 - Sign in
2019-05-17 14:08:22 DEBUG LoginPage:51 - Uncheck 'remember me' checkbox
2019-05-17 14:08:24 DEBUG HomePage:36 - Click on user profile
2019-05-17 14:08:28 DEBUG ProfilePage:49 - Click on user image
2019-05-17 14:08:48 DEBUG ProfilePage:54 - Closing  browser
2019-05-17 14:09:37 DEBUG ProfilePage:31 - testUploadProfileImage
2019-05-17 14:09:42 DEBUG seleniumTestSuite:33 - setUpWebBrowser(browser) - returns HomePage with chosen browser driver
2019-05-17 14:09:42 DEBUG LoginPage:32 - Open login page
2019-05-17 14:09:47 DEBUG LoginPage:40 - Sign in
2019-05-17 14:09:49 DEBUG LoginPage:51 - Uncheck 'remember me' checkbox
2019-05-17 14:09:50 DEBUG HomePage:36 - Click on user profile
2019-05-17 14:10:18 DEBUG ProfilePage:49 - Click on user image
2019-05-17 14:10:44 DEBUG ProfilePage:86 - Upload file from: java.awt.datatransfer.StringSelection@1bdbf9be
2019-05-17 14:11:16 DEBUG ProfilePage:111 - confirm upload
2019-05-17 14:11:38 DEBUG ProfilePage:47 - Successfull first test
2019-05-17 14:11:38 DEBUG BasePage:60 - Logout
2019-05-17 14:11:38 DEBUG ProfilePage:54 - Closing  browser
2019-05-17 14:13:20 DEBUG ProfilePage:31 - testUploadProfileImage
2019-05-17 14:13:26 DEBUG seleniumTestSuite:33 - setUpWebBrowser(browser) - returns HomePage with chosen browser driver
2019-05-17 14:13:26 DEBUG LoginPage:32 - Open login page
2019-05-17 14:13:32 DEBUG LoginPage:40 - Sign in
2019-05-17 14:13:34 DEBUG LoginPage:51 - Uncheck 'remember me' checkbox
2019-05-17 14:13:35 DEBUG HomePage:36 - Click on user profile
2019-05-17 14:13:40 DEBUG ProfilePage:49 - Click on user image
2019-05-17 14:13:41 DEBUG ProfilePage:86 - Upload file from: java.awt.datatransfer.StringSelection@6c0d7c83
2019-05-17 14:13:42 DEBUG ProfilePage:114 - confirm upload
2019-05-17 14:13:42 DEBUG ProfilePage:47 - Successfull first test
2019-05-17 14:13:42 DEBUG BasePage:60 - Logout
2019-05-17 14:13:42 DEBUG ProfilePage:54 - Closing  browser
2019-05-17 14:17:13 DEBUG ProfilePage:31 - testUploadProfileImage
2019-05-17 14:17:20 DEBUG seleniumTestSuite:33 - setUpWebBrowser(browser) - returns HomePage with chosen browser driver
2019-05-17 14:17:20 DEBUG LoginPage:32 - Open login page
2019-05-17 14:17:25 DEBUG LoginPage:40 - Sign in
2019-05-17 14:17:28 DEBUG LoginPage:51 - Uncheck 'remember me' checkbox
2019-05-17 14:17:30 DEBUG HomePage:36 - Click on user profile
2019-05-17 14:17:35 DEBUG ProfilePage:49 - Click on user image
2019-05-17 14:17:36 DEBUG ProfilePage:86 - Upload file from: java.awt.datatransfer.StringSelection@3fed2870
2019-05-17 14:17:37 DEBUG ProfilePage:114 - confirm upload
2019-05-17 14:17:37 DEBUG ProfilePage:47 - Successfull first test
2019-05-17 14:17:37 DEBUG BasePage:60 - Logout
2019-05-17 14:17:38 DEBUG ProfilePage:54 - Closing  browser
2019-05-17 14:18:15 DEBUG ProfilePage:31 - testUploadProfileImage
2019-05-17 14:18:22 DEBUG seleniumTestSuite:33 - setUpWebBrowser(browser) - returns HomePage with chosen browser driver
2019-05-17 14:18:22 DEBUG LoginPage:32 - Open login page
2019-05-17 14:18:27 DEBUG LoginPage:40 - Sign in
2019-05-17 14:18:30 DEBUG LoginPage:51 - Uncheck 'remember me' checkbox
2019-05-17 14:18:32 DEBUG HomePage:36 - Click on user profile
2019-05-17 14:18:37 DEBUG ProfilePage:49 - Click on user image
2019-05-17 14:18:39 DEBUG ProfilePage:86 - Upload file from: java.awt.datatransfer.StringSelection@32c4e8b2
2019-05-17 14:18:39 DEBUG ProfilePage:114 - confirm upload
2019-05-17 14:18:40 DEBUG ProfilePage:47 - Successfull first test
2019-05-17 14:18:40 DEBUG BasePage:60 - Logout
2019-05-17 14:18:40 DEBUG ProfilePage:54 - Closing  browser
2019-05-17 14:19:20 DEBUG ProfilePage:31 - testUploadProfileImage
2019-05-17 14:19:27 DEBUG seleniumTestSuite:33 - setUpWebBrowser(browser) - returns HomePage with chosen browser driver
2019-05-17 14:19:27 DEBUG LoginPage:32 - Open login page
2019-05-17 14:19:33 DEBUG LoginPage:40 - Sign in
2019-05-17 14:19:35 DEBUG LoginPage:51 - Uncheck 'remember me' checkbox
2019-05-17 14:19:37 DEBUG HomePage:36 - Click on user profile
2019-05-17 14:19:42 DEBUG ProfilePage:49 - Click on user image
2019-05-17 14:19:44 DEBUG ProfilePage:86 - Upload file from: java.awt.datatransfer.StringSelection@64bce832
2019-05-17 14:19:44 DEBUG ProfilePage:114 - confirm upload
2019-05-17 14:19:45 DEBUG ProfilePage:47 - Successfull first test
2019-05-17 14:19:45 DEBUG BasePage:60 - Logout
2019-05-17 14:19:45 DEBUG ProfilePage:54 - Closing  browser
2019-05-17 14:22:03 DEBUG ProfilePage:31 - testUploadProfileImage
2019-05-17 14:22:15 DEBUG seleniumTestSuite:33 - setUpWebBrowser(browser) - returns HomePage with chosen browser driver
2019-05-17 14:22:16 DEBUG LoginPage:32 - Open login page
2019-05-17 14:22:22 DEBUG LoginPage:40 - Sign in
2019-05-17 14:22:24 DEBUG LoginPage:51 - Uncheck 'remember me' checkbox
2019-05-17 14:22:28 DEBUG HomePage:36 - Click on user profile
2019-05-17 14:22:46 DEBUG ProfilePage:49 - Click on user image
2019-05-17 14:22:53 DEBUG ProfilePage:86 - Upload file from: java.awt.datatransfer.StringSelection@2424686b
2019-05-17 14:22:55 DEBUG ProfilePage:114 - confirm upload
2019-05-17 14:23:06 DEBUG BasePage:60 - Logout
2019-05-17 14:23:23 DEBUG ProfilePage:48 - Successfull first test
2019-05-17 14:23:26 DEBUG ProfilePage:55 - Closing  browser
2019-05-17 14:27:17 DEBUG ProfilePage:31 - testUploadProfileImage
2019-05-17 14:27:24 DEBUG seleniumTestSuite:33 - setUpWebBrowser(browser) - returns HomePage with chosen browser driver
2019-05-17 14:27:24 DEBUG LoginPage:32 - Open login page
2019-05-17 14:27:30 DEBUG LoginPage:40 - Sign in
2019-05-17 14:27:32 DEBUG LoginPage:51 - Uncheck 'remember me' checkbox
2019-05-17 14:27:35 DEBUG HomePage:36 - Click on user profile
2019-05-17 14:27:40 DEBUG ProfilePage:49 - Click on user image
2019-05-17 14:27:41 DEBUG ProfilePage:86 - Upload file from: java.awt.datatransfer.StringSelection@64bce832
2019-05-17 14:27:42 DEBUG ProfilePage:114 - confirm upload
2019-05-17 14:27:42 DEBUG BasePage:60 - Logout
2019-05-17 14:27:42 DEBUG ProfilePage:55 - Closing  browser
2019-05-17 14:31:22 DEBUG ProfilePage:31 - testUploadProfileImage
2019-05-17 14:31:30 DEBUG seleniumTestSuite:33 - setUpWebBrowser(browser) - returns HomePage with chosen browser driver
2019-05-17 14:31:30 DEBUG LoginPage:32 - Open login page
2019-05-17 14:31:35 DEBUG LoginPage:40 - Sign in
2019-05-17 14:31:38 DEBUG LoginPage:51 - Uncheck 'remember me' checkbox
2019-05-17 14:31:40 DEBUG HomePage:36 - Click on user profile
2019-05-17 14:31:46 DEBUG ProfilePage:49 - Click on user image
2019-05-17 14:31:48 DEBUG ProfilePage:86 - Upload file from: java.awt.datatransfer.StringSelection@77128536
2019-05-17 14:31:48 DEBUG ProfilePage:114 - confirm upload
2019-05-17 14:31:49 DEBUG ProfilePage:56 - Closing  browser
2019-05-17 14:38:19 DEBUG ProfilePage:31 - testUploadProfileImage
2019-05-17 14:38:26 DEBUG seleniumTestSuite:33 - setUpWebBrowser(browser) - returns HomePage with chosen browser driver
2019-05-17 14:38:26 DEBUG LoginPage:32 - Open login page
2019-05-17 14:38:32 DEBUG LoginPage:40 - Sign in
2019-05-17 14:38:35 DEBUG LoginPage:51 - Uncheck 'remember me' checkbox
2019-05-17 14:38:37 DEBUG HomePage:36 - Click on user profile
2019-05-17 14:38:41 DEBUG ProfilePage:49 - Click on user image
2019-05-17 14:38:43 DEBUG ProfilePage:86 - Upload file from: java.awt.datatransfer.StringSelection@3fed2870
2019-05-17 14:38:44 DEBUG ProfilePage:114 - confirm upload
2019-05-17 14:38:44 DEBUG ProfilePage:56 - Closing  browser
2019-05-17 14:39:44 DEBUG ProfilePage:31 - testUploadProfileImage
2019-05-17 14:39:50 DEBUG seleniumTestSuite:33 - setUpWebBrowser(browser) - returns HomePage with chosen browser driver
2019-05-17 14:39:51 DEBUG LoginPage:32 - Open login page
2019-05-17 14:39:56 DEBUG LoginPage:40 - Sign in
2019-05-17 14:39:58 DEBUG LoginPage:51 - Uncheck 'remember me' checkbox
2019-05-17 14:40:00 DEBUG HomePage:36 - Click on user profile
2019-05-17 14:40:05 DEBUG ProfilePage:49 - Click on user image
2019-05-17 14:40:07 DEBUG ProfilePage:86 - Upload file from: java.awt.datatransfer.StringSelection@764faa6
2019-05-17 14:40:07 DEBUG ProfilePage:114 - confirm upload
2019-05-17 14:40:08 DEBUG ProfilePage:56 - Closing  browser
2019-05-17 14:41:06 DEBUG ProfilePage:31 - testUploadProfileImage
2019-05-17 14:41:12 DEBUG seleniumTestSuite:33 - setUpWebBrowser(browser) - returns HomePage with chosen browser driver
2019-05-17 14:41:12 DEBUG LoginPage:32 - Open login page
2019-05-17 14:41:18 DEBUG LoginPage:40 - Sign in
2019-05-17 14:41:20 DEBUG LoginPage:51 - Uncheck 'remember me' checkbox
2019-05-17 14:41:22 DEBUG HomePage:36 - Click on user profile
2019-05-17 14:41:27 DEBUG ProfilePage:49 - Click on user image
2019-05-17 14:41:28 DEBUG ProfilePage:86 - Upload file from: java.awt.datatransfer.StringSelection@77128536
2019-05-17 14:41:29 DEBUG ProfilePage:114 - confirm upload
2019-05-17 14:41:29 DEBUG BasePage:68 - Logout
2019-05-17 14:41:40 DEBUG ProfilePage:56 - Closing  browser
2019-05-17 14:41:56 DEBUG ProfilePage:31 - testUploadProfileImage
2019-05-17 14:42:03 DEBUG seleniumTestSuite:33 - setUpWebBrowser(browser) - returns HomePage with chosen browser driver
2019-05-17 14:42:03 DEBUG LoginPage:32 - Open login page
2019-05-17 14:42:09 DEBUG LoginPage:40 - Sign in
2019-05-17 14:42:11 DEBUG LoginPage:51 - Uncheck 'remember me' checkbox
2019-05-17 14:42:13 DEBUG HomePage:36 - Click on user profile
2019-05-17 14:42:18 DEBUG ProfilePage:49 - Click on user image
2019-05-17 14:42:19 DEBUG ProfilePage:86 - Upload file from: java.awt.datatransfer.StringSelection@77128536
2019-05-17 14:42:20 DEBUG ProfilePage:114 - confirm upload
2019-05-17 14:42:20 DEBUG BasePage:68 - Logout
2019-05-17 14:42:31 DEBUG ProfilePage:56 - Closing  browser
2019-05-17 14:43:19 DEBUG ProfilePage:31 - testUploadProfileImage
2019-05-17 14:43:26 DEBUG seleniumTestSuite:33 - setUpWebBrowser(browser) - returns HomePage with chosen browser driver
2019-05-17 14:43:26 DEBUG LoginPage:32 - Open login page
2019-05-17 14:43:33 DEBUG LoginPage:40 - Sign in
2019-05-17 14:43:35 DEBUG LoginPage:51 - Uncheck 'remember me' checkbox
2019-05-17 14:43:37 DEBUG HomePage:36 - Click on user profile
2019-05-17 14:43:42 DEBUG ProfilePage:49 - Click on user image
2019-05-17 14:43:43 DEBUG ProfilePage:86 - Upload file from: java.awt.datatransfer.StringSelection@764faa6
2019-05-17 14:43:44 DEBUG ProfilePage:114 - confirm upload
2019-05-17 14:43:44 DEBUG BasePage:69 - Logout
2019-05-17 14:43:55 DEBUG ProfilePage:56 - Closing  browser
2019-05-17 14:52:10 DEBUG ProfilePage:31 - testUploadProfileImage
2019-05-17 14:52:17 DEBUG seleniumTestSuite:33 - setUpWebBrowser(browser) - returns HomePage with chosen browser driver
2019-05-17 14:52:17 DEBUG LoginPage:32 - Open login page
2019-05-17 14:52:23 DEBUG LoginPage:40 - Sign in
2019-05-17 14:52:26 DEBUG LoginPage:51 - Uncheck 'remember me' checkbox
2019-05-17 14:52:28 DEBUG HomePage:36 - Click on user profile
2019-05-17 14:52:32 DEBUG ProfilePage:49 - Click on user image
2019-05-17 14:52:34 DEBUG ProfilePage:86 - Upload file from: java.awt.datatransfer.StringSelection@764faa6
2019-05-17 14:52:35 DEBUG ProfilePage:114 - confirm upload
2019-05-17 14:52:35 DEBUG BasePage:74 - Logout
2019-05-17 14:52:46 DEBUG ProfilePage:56 - Closing  browser
2019-05-17 14:54:01 DEBUG ProfilePage:31 - testUploadProfileImage
2019-05-17 14:54:08 DEBUG seleniumTestSuite:33 - setUpWebBrowser(browser) - returns HomePage with chosen browser driver
2019-05-17 14:54:08 DEBUG LoginPage:32 - Open login page
2019-05-17 14:54:14 DEBUG LoginPage:40 - Sign in
2019-05-17 14:54:16 DEBUG LoginPage:51 - Uncheck 'remember me' checkbox
2019-05-17 14:54:18 DEBUG HomePage:36 - Click on user profile
2019-05-17 14:54:23 DEBUG ProfilePage:49 - Click on user image
2019-05-17 14:54:24 DEBUG ProfilePage:86 - Upload file from: java.awt.datatransfer.StringSelection@64bce832
2019-05-17 14:54:25 DEBUG ProfilePage:114 - confirm upload
2019-05-17 14:54:25 DEBUG BasePage:74 - Logout
2019-05-17 14:54:31 DEBUG ProfilePage:49 - Successfull first test
2019-05-17 14:54:31 DEBUG ProfilePage:56 - Closing  browser
2019-05-17 14:55:26 DEBUG ProfilePage:31 - testUploadProfileImage
2019-05-17 14:55:34 DEBUG seleniumTestSuite:33 - setUpWebBrowser(browser) - returns HomePage with chosen browser driver
2019-05-17 14:55:34 DEBUG LoginPage:32 - Open login page
2019-05-17 14:55:39 DEBUG LoginPage:40 - Sign in
2019-05-17 14:55:41 DEBUG LoginPage:51 - Uncheck 'remember me' checkbox
2019-05-17 14:55:42 DEBUG HomePage:36 - Click on user profile
2019-05-17 14:55:47 DEBUG ProfilePage:49 - Click on user image
2019-05-17 14:56:07 DEBUG ProfilePage:56 - Closing  browser
2019-05-17 15:09:45 DEBUG seleniumTestSuite:33 - setUpWebBrowser(browser) - returns HomePage with chosen browser driver
2019-05-17 15:09:45 INFO  ProfilePage:25 - setUp()
2019-05-17 15:09:45 DEBUG ProfilePage:31 - testUploadProfileImage
2019-05-17 15:09:45 DEBUG LoginPage:32 - Open login page
2019-05-17 15:09:50 DEBUG LoginPage:40 - Sign in
2019-05-17 15:09:52 DEBUG LoginPage:51 - Uncheck 'remember me' checkbox
2019-05-17 15:09:54 DEBUG HomePage:36 - Click on user profile
2019-05-17 15:09:58 DEBUG ProfilePage:49 - Click on user image
2019-05-17 15:10:18 DEBUG ProfilePage:56 - Closing  browser
2019-05-17 15:10:26 DEBUG seleniumTestSuite:33 - setUpWebBrowser(browser) - returns HomePage with chosen browser driver
2019-05-17 15:10:26 INFO  GroupsTopicsPage:31 - setUp()
2019-05-17 15:10:26 DEBUG GroupsTopicsPage:37 - testCreateTopicAndConclusion
2019-05-17 15:10:26 DEBUG LoginPage:32 - Open login page
2019-05-17 15:10:30 DEBUG LoginPage:40 - Sign in
2019-05-17 15:10:32 DEBUG LoginPage:51 - Uncheck 'remember me' checkbox
2019-05-17 15:10:34 DEBUG HomePage:48 - createGroupFromHomePage
2019-05-17 15:10:37 DEBUG GroupsTopicsPage:63 - create topic
2019-05-17 15:10:38 DEBUG GroupsTopicsPage:72 - created topic: topic test 1558098578653
2019-05-17 15:10:43 DEBUG GroupsTopicsPage:66 - Closing  browser
2019-05-17 15:10:51 DEBUG seleniumTestSuite:33 - setUpWebBrowser(browser) - returns HomePage with chosen browser driver
2019-05-17 15:10:51 INFO  GroupsTopicsPage:29 - setUp()
2019-05-17 15:10:51 DEBUG GroupsTopicsPage:35 - testCheckConcludedTopic
2019-05-17 15:10:51 DEBUG LoginPage:32 - Open login page
2019-05-17 15:10:59 DEBUG LoginPage:40 - Sign in
2019-05-17 15:11:00 DEBUG LoginPage:51 - Uncheck 'remember me' checkbox
2019-05-17 15:11:07 DEBUG HomePage:22 - getConclusionsInitiator
2019-05-17 15:11:10 DEBUG BasePage:74 - Logout
2019-05-17 15:11:13 DEBUG GroupsTopicsPage:56 - Closing  browser
2019-05-17 15:12:45 DEBUG GroupsTopicsPage:37 - testCreateTopicAndConclusion
2019-05-17 15:12:52 DEBUG seleniumTestSuite:33 - setUpWebBrowser(browser) - returns HomePage with chosen browser driver
2019-05-17 15:12:52 DEBUG LoginPage:32 - Open login page
2019-05-17 15:12:56 DEBUG LoginPage:40 - Sign in
2019-05-17 15:12:59 DEBUG LoginPage:51 - Uncheck 'remember me' checkbox
2019-05-17 15:13:00 DEBUG HomePage:48 - createGroupFromHomePage
2019-05-17 15:13:04 DEBUG GroupsTopicsPage:63 - create topic
2019-05-17 15:13:05 DEBUG GroupsTopicsPage:72 - created topic: topic test 1558098765041
2019-05-17 15:13:11 DEBUG GroupsTopicsPage:66 - Closing  browser
2019-05-17 18:53:26 DEBUG seleniumTestSuite:33 - setUpWebBrowser(browser) - returns HomePage with chosen browser driver
2019-05-17 18:53:26 INFO  ProfilePage:25 - setUp()
2019-05-17 18:53:26 DEBUG ProfilePage:31 - testUploadProfileImage
2019-05-17 18:53:26 DEBUG LoginPage:32 - Open login page
2019-05-17 18:53:31 DEBUG LoginPage:40 - Sign in
2019-05-17 18:53:34 DEBUG LoginPage:51 - Uncheck 'remember me' checkbox
2019-05-17 18:53:36 DEBUG HomePage:36 - Click on user profile
2019-05-17 18:53:40 DEBUG ProfilePage:49 - Click on user image
2019-05-17 18:53:42 DEBUG ProfilePage:86 - Upload file from: java.awt.datatransfer.StringSelection@498465f1
2019-05-17 18:53:42 DEBUG ProfilePage:114 - confirm upload
2019-05-17 18:53:43 DEBUG BasePage:74 - Logout
2019-05-17 18:53:48 DEBUG ProfilePage:49 - Successfull first test
2019-05-17 18:53:48 DEBUG ProfilePage:56 - Closing  browser
2019-05-17 18:53:51 DEBUG GroupsTopicsPage:37 - testCreateTopicAndConclusion
2019-05-17 18:53:59 DEBUG seleniumTestSuite:33 - setUpWebBrowser(browser) - returns HomePage with chosen browser driver
2019-05-17 18:53:59 DEBUG LoginPage:32 - Open login page
2019-05-17 18:54:07 DEBUG LoginPage:40 - Sign in
2019-05-17 18:54:08 DEBUG LoginPage:51 - Uncheck 'remember me' checkbox
2019-05-17 18:54:10 DEBUG HomePage:48 - createGroupFromHomePage
2019-05-17 18:54:13 DEBUG GroupsTopicsPage:63 - create topic
2019-05-17 18:54:14 DEBUG GroupsTopicsPage:72 - created topic: topic test 1558111998823
2019-05-17 18:54:20 DEBUG GroupsTopicsPage:66 - Closing  browser
2019-05-17 18:54:27 DEBUG seleniumTestSuite:33 - setUpWebBrowser(browser) - returns HomePage with chosen browser driver
2019-05-17 18:54:27 INFO  GroupsTopicsPage:29 - setUp()
2019-05-17 18:54:27 DEBUG GroupsTopicsPage:35 - testCheckConcludedTopic
2019-05-17 18:54:27 DEBUG LoginPage:32 - Open login page
2019-05-17 18:54:34 DEBUG LoginPage:40 - Sign in
2019-05-17 18:54:37 DEBUG LoginPage:51 - Uncheck 'remember me' checkbox
2019-05-17 18:54:43 DEBUG HomePage:22 - getConclusionsInitiator
2019-05-17 18:54:46 DEBUG BasePage:74 - Logout
2019-05-17 18:54:51 DEBUG GroupsTopicsPage:56 - Closing  browser
2019-05-19 20:04:03 DEBUG ProfilePage:31 - testUploadProfileImage
2019-05-19 20:04:12 DEBUG seleniumTestSuite:33 - setUpWebBrowser(browser) - returns HomePage with chosen browser driver
2019-05-19 20:04:12 DEBUG LoginPage:32 - Open login page
2019-05-19 20:04:17 DEBUG LoginPage:40 - Sign in
2019-05-19 20:04:17 DEBUG LoginPage:51 - Uncheck 'remember me' checkbox
2019-05-19 20:04:18 DEBUG HomePage:36 - Click on user profile
2019-05-19 20:04:21 DEBUG ProfilePage:56 - Closing  browser
2019-05-19 20:06:57 DEBUG GroupsTopicsPage:37 - testCreateTopicAndConclusion
2019-05-19 20:07:04 DEBUG seleniumTestSuite:33 - setUpWebBrowser(browser) - returns HomePage with chosen browser driver
2019-05-19 20:07:04 DEBUG LoginPage:32 - Open login page
2019-05-19 20:07:08 DEBUG LoginPage:40 - Sign in
2019-05-19 20:07:10 DEBUG LoginPage:51 - Uncheck 'remember me' checkbox
2019-05-19 20:07:11 DEBUG HomePage:48 - createGroupFromHomePage
2019-05-19 20:07:14 DEBUG GroupsTopicsPage:63 - create topic
2019-05-19 20:07:15 DEBUG GroupsTopicsPage:72 - created topic: topic test 1558289217397
2019-05-19 20:07:27 DEBUG BasePage:74 - Logout
2019-05-19 20:07:29 DEBUG GroupsTopicsPage:66 - Closing  browser
2019-05-19 20:08:05 DEBUG GroupsTopicsPage:35 - testCheckConcludedTopic
2019-05-19 20:08:11 DEBUG seleniumTestSuite:33 - setUpWebBrowser(browser) - returns HomePage with chosen browser driver
2019-05-19 20:08:12 DEBUG LoginPage:32 - Open login page
2019-05-19 20:08:14 DEBUG LoginPage:40 - Sign in
2019-05-19 20:08:15 DEBUG LoginPage:51 - Uncheck 'remember me' checkbox
2019-05-19 20:08:19 DEBUG HomePage:22 - getConclusionsInitiator
2019-05-19 20:08:21 DEBUG BasePage:74 - Logout
2019-05-19 20:08:23 DEBUG GroupsTopicsPage:56 - Closing  browser
2019-05-19 20:10:20 DEBUG ProfilePage:31 - testUploadProfileImage
2019-05-19 20:10:26 DEBUG seleniumTestSuite:33 - setUpWebBrowser(browser) - returns HomePage with chosen browser driver
2019-05-19 20:10:26 DEBUG LoginPage:32 - Open login page
2019-05-19 20:10:30 DEBUG LoginPage:40 - Sign in
2019-05-19 20:10:30 DEBUG LoginPage:51 - Uncheck 'remember me' checkbox
2019-05-19 20:10:32 DEBUG HomePage:36 - Click on user profile
2019-05-19 20:10:36 DEBUG ProfilePage:49 - Click on user image
2019-05-19 20:10:37 DEBUG ProfilePage:86 - Upload file from: java.awt.datatransfer.StringSelection@1ae8bcbc
2019-05-19 20:10:37 DEBUG ProfilePage:114 - confirm upload
2019-05-19 20:10:37 DEBUG BasePage:74 - Logout
2019-05-19 20:10:38 DEBUG ProfilePage:56 - Closing  browser
2019-05-19 20:12:33 DEBUG ProfilePage:31 - testUploadProfileImage
2019-05-19 20:12:40 DEBUG seleniumTestSuite:33 - setUpWebBrowser(browser) - returns HomePage with chosen browser driver
2019-05-19 20:12:40 DEBUG LoginPage:32 - Open login page
2019-05-19 20:12:43 DEBUG LoginPage:40 - Sign in
2019-05-19 20:12:43 DEBUG LoginPage:51 - Uncheck 'remember me' checkbox
2019-05-19 20:12:45 DEBUG HomePage:36 - Click on user profile
2019-05-19 20:12:48 DEBUG ProfilePage:49 - Click on user image
2019-05-19 20:12:49 DEBUG ProfilePage:86 - Upload file from: java.awt.datatransfer.StringSelection@b83a9be
2019-05-19 20:12:50 DEBUG ProfilePage:114 - confirm upload
2019-05-19 20:12:50 DEBUG ProfilePage:46 - Successfull first test
2019-05-19 20:25:32 DEBUG ProfilePage:32 - testUploadProfileImage
2019-05-19 20:25:38 DEBUG seleniumTestSuite:33 - setUpWebBrowser(browser) - returns HomePage with chosen browser driver
2019-05-19 20:25:38 DEBUG LoginPage:32 - Open login page
2019-05-19 20:25:40 DEBUG LoginPage:40 - Sign in
2019-05-19 20:25:41 DEBUG LoginPage:51 - Uncheck 'remember me' checkbox
2019-05-19 20:25:42 DEBUG HomePage:36 - Click on user profile
2019-05-19 20:25:45 DEBUG ProfilePage:49 - Click on user image
2019-05-19 20:25:46 DEBUG ProfilePage:86 - Upload file from: java.awt.datatransfer.StringSelection@5be49b60
2019-05-19 20:25:46 DEBUG ProfilePage:114 - confirm upload
2019-05-19 20:25:46 DEBUG ProfilePage:47 - Successfull first test
2019-05-19 20:25:46 DEBUG ProfilePage:54 - Closing  browser
2019-05-19 20:28:23 DEBUG ProfilePage:33 - testUploadProfileImage
2019-05-19 20:28:28 DEBUG seleniumTestSuite:33 - setUpWebBrowser(browser) - returns HomePage with chosen browser driver
2019-05-19 20:28:28 DEBUG LoginPage:32 - Open login page
2019-05-19 20:28:31 DEBUG LoginPage:40 - Sign in
2019-05-19 20:28:31 DEBUG LoginPage:51 - Uncheck 'remember me' checkbox
2019-05-19 20:28:32 DEBUG HomePage:36 - Click on user profile
2019-05-19 20:28:36 DEBUG ProfilePage:49 - Click on user image
2019-05-19 20:28:36 DEBUG ProfilePage:55 - Closing  browser
2019-05-19 20:29:19 DEBUG ProfilePage:33 - testUploadProfileImage
2019-05-19 20:29:26 DEBUG seleniumTestSuite:33 - setUpWebBrowser(browser) - returns HomePage with chosen browser driver
2019-05-19 20:29:26 DEBUG LoginPage:32 - Open login page
2019-05-19 20:29:28 DEBUG LoginPage:40 - Sign in
2019-05-19 20:29:29 DEBUG LoginPage:51 - Uncheck 'remember me' checkbox
2019-05-19 20:29:30 DEBUG HomePage:36 - Click on user profile
2019-05-19 20:29:33 DEBUG ProfilePage:49 - Click on user image
2019-05-19 20:29:33 DEBUG ProfilePage:85 - Upload file from: C:\Users\marko.bogdanovic\workspace\QAAutomationTaskMB\resources\images\iipsrv.jpg
2019-05-19 20:29:34 DEBUG ProfilePage:113 - confirm upload
2019-05-19 20:29:34 DEBUG ProfilePage:48 - Successfull first test
2019-05-19 20:29:34 DEBUG ProfilePage:55 - Closing  browser
2019-05-19 20:31:35 DEBUG ProfilePage:33 - testUploadProfileImage
2019-05-19 20:31:40 DEBUG seleniumTestSuite:33 - setUpWebBrowser(browser) - returns HomePage with chosen browser driver
2019-05-19 20:31:40 DEBUG LoginPage:32 - Open login page
2019-05-19 20:31:42 DEBUG LoginPage:40 - Sign in
2019-05-19 20:31:43 DEBUG LoginPage:51 - Uncheck 'remember me' checkbox
2019-05-19 20:31:44 DEBUG HomePage:36 - Click on user profile
2019-05-19 20:31:47 DEBUG ProfilePage:50 - Click on user image
2019-05-19 20:31:48 DEBUG ProfilePage:86 - Upload file from: C:\Users\marko.bogdanovic\workspace\QAAutomationTaskMB\resources\images\iipsrv.jpg
2019-05-19 20:31:48 DEBUG ProfilePage:114 - confirm upload
2019-05-19 20:31:49 DEBUG ProfilePage:48 - Successfull first test
2019-05-19 20:31:49 DEBUG ProfilePage:55 - Closing  browser
2019-05-19 20:41:14 DEBUG ProfilePage:33 - testUploadProfileImage
2019-05-19 20:41:19 DEBUG seleniumTestSuite:33 - setUpWebBrowser(browser) - returns HomePage with chosen browser driver
2019-05-19 20:41:19 DEBUG LoginPage:32 - Open login page
2019-05-19 20:41:22 DEBUG LoginPage:40 - Sign in
2019-05-19 20:41:22 DEBUG LoginPage:51 - Uncheck 'remember me' checkbox
2019-05-19 20:41:23 DEBUG HomePage:36 - Click on user profile
2019-05-19 20:41:26 DEBUG ProfilePage:50 - Click on user image
2019-05-19 20:41:26 DEBUG ProfilePage:86 - Upload file from: C:\Users\marko.bogdanovic\workspace\QAAutomationTaskMB\resources\images\iipsrv.jpg
2019-05-19 20:41:27 DEBUG ProfilePage:114 - confirm upload
2019-05-19 20:41:32 DEBUG ProfilePage:56 - Closing  browser
2019-05-19 20:43:31 DEBUG ProfilePage:33 - testUploadProfileImage
2019-05-19 20:43:36 DEBUG seleniumTestSuite:33 - setUpWebBrowser(browser) - returns HomePage with chosen browser driver
2019-05-19 20:43:36 DEBUG LoginPage:32 - Open login page
2019-05-19 20:43:38 DEBUG LoginPage:40 - Sign in
2019-05-19 20:43:39 DEBUG LoginPage:51 - Uncheck 'remember me' checkbox
2019-05-19 20:43:40 DEBUG HomePage:36 - Click on user profile
2019-05-19 20:43:43 DEBUG ProfilePage:50 - Click on user image
2019-05-19 20:43:44 DEBUG ProfilePage:86 - Upload file from: C:\Users\marko.bogdanovic\workspace\QAAutomationTaskMB\resources\images\iipsrv.jpg
2019-05-19 20:43:44 DEBUG ProfilePage:114 - confirm upload
2019-05-19 20:43:49 DEBUG ProfilePage:56 - Closing  browser
2019-05-19 20:48:44 DEBUG ProfilePage:33 - testUploadProfileImage
2019-05-19 20:48:49 DEBUG seleniumTestSuite:33 - setUpWebBrowser(browser) - returns HomePage with chosen browser driver
2019-05-19 20:48:49 DEBUG LoginPage:32 - Open login page
2019-05-19 20:48:51 DEBUG LoginPage:40 - Sign in
2019-05-19 20:48:52 DEBUG LoginPage:51 - Uncheck 'remember me' checkbox
2019-05-19 20:48:53 DEBUG HomePage:36 - Click on user profile
2019-05-19 20:48:57 DEBUG ProfilePage:50 - Click on user image
2019-05-19 20:48:57 DEBUG ProfilePage:56 - Closing  browser
2019-05-19 20:49:10 DEBUG ProfilePage:33 - testUploadProfileImage
2019-05-19 20:49:16 DEBUG seleniumTestSuite:33 - setUpWebBrowser(browser) - returns HomePage with chosen browser driver
2019-05-19 20:49:16 DEBUG LoginPage:32 - Open login page
2019-05-19 20:49:18 DEBUG LoginPage:40 - Sign in
2019-05-19 20:49:19 DEBUG LoginPage:51 - Uncheck 'remember me' checkbox
2019-05-19 20:49:20 DEBUG HomePage:36 - Click on user profile
2019-05-19 20:49:23 DEBUG ProfilePage:50 - Click on user image
2019-05-19 20:49:23 DEBUG ProfilePage:86 - Upload file from: C:\Users\marko.bogdanovic\workspace\QAAutomationTaskMB\resources\images\iipsrv.jpg
2019-05-19 20:49:24 DEBUG ProfilePage:114 - confirm upload
2019-05-19 20:51:15 DEBUG ProfilePage:56 - Closing  browser
2019-05-19 20:57:54 DEBUG ProfilePage:33 - testUploadProfileImage
2019-05-19 20:57:59 DEBUG seleniumTestSuite:33 - setUpWebBrowser(browser) - returns HomePage with chosen browser driver
2019-05-19 20:57:59 DEBUG LoginPage:32 - Open login page
2019-05-19 20:58:02 DEBUG LoginPage:40 - Sign in
2019-05-19 20:58:02 DEBUG LoginPage:51 - Uncheck 'remember me' checkbox
2019-05-19 20:58:04 DEBUG HomePage:36 - Click on user profile
2019-05-19 20:58:07 DEBUG ProfilePage:50 - Click on user image
2019-05-19 20:58:08 DEBUG ProfilePage:86 - Upload file from: C:\Users\marko.bogdanovic\workspace\QAAutomationTaskMB\resources\images\iipsrv.jpg
2019-05-19 20:58:08 DEBUG ProfilePage:115 - confirm upload
2019-05-19 20:58:13 DEBUG ProfilePage:56 - Closing  browser
2019-05-19 21:00:31 DEBUG ProfilePage:33 - testUploadProfileImage
2019-05-19 21:00:36 DEBUG seleniumTestSuite:33 - setUpWebBrowser(browser) - returns HomePage with chosen browser driver
2019-05-19 21:00:36 DEBUG LoginPage:32 - Open login page
2019-05-19 21:00:39 DEBUG LoginPage:40 - Sign in
2019-05-19 21:00:39 DEBUG LoginPage:51 - Uncheck 'remember me' checkbox
2019-05-19 21:00:40 DEBUG HomePage:36 - Click on user profile
2019-05-19 21:00:44 DEBUG ProfilePage:53 - Click on user image
2019-05-19 21:01:00 DEBUG ProfilePage:56 - Closing  browser
2019-05-19 21:01:53 DEBUG ProfilePage:33 - testUploadProfileImage
2019-05-19 21:01:57 DEBUG seleniumTestSuite:33 - setUpWebBrowser(browser) - returns HomePage with chosen browser driver
2019-05-19 21:01:57 DEBUG LoginPage:32 - Open login page
2019-05-19 21:02:00 DEBUG LoginPage:40 - Sign in
2019-05-19 21:02:00 DEBUG LoginPage:51 - Uncheck 'remember me' checkbox
2019-05-19 21:02:01 DEBUG HomePage:36 - Click on user profile
2019-05-19 21:02:04 DEBUG ProfilePage:56 - Closing  browser
2019-05-19 21:02:21 DEBUG ProfilePage:33 - testUploadProfileImage
2019-05-19 21:02:27 DEBUG seleniumTestSuite:33 - setUpWebBrowser(browser) - returns HomePage with chosen browser driver
2019-05-19 21:02:27 DEBUG LoginPage:32 - Open login page
2019-05-19 21:02:29 DEBUG LoginPage:40 - Sign in
2019-05-19 21:02:30 DEBUG LoginPage:51 - Uncheck 'remember me' checkbox
2019-05-19 21:02:31 DEBUG HomePage:36 - Click on user profile
2019-05-19 21:02:34 DEBUG ProfilePage:53 - Click on user image
2019-05-19 21:02:34 DEBUG ProfilePage:89 - Upload file from: C:\Users\marko.bogdanovic\workspace\QAAutomationTaskMB\resources\images\iipsrv.jpg
2019-05-19 21:02:35 DEBUG ProfilePage:118 - confirm upload
2019-05-19 21:02:41 DEBUG ProfilePage:56 - Closing  browser
2019-05-19 21:08:09 DEBUG ProfilePage:33 - testUploadProfileImage
2019-05-19 21:08:14 DEBUG seleniumTestSuite:33 - setUpWebBrowser(browser) - returns HomePage with chosen browser driver
2019-05-19 21:08:14 DEBUG LoginPage:32 - Open login page
2019-05-19 21:08:17 DEBUG LoginPage:40 - Sign in
2019-05-19 21:08:17 DEBUG LoginPage:51 - Uncheck 'remember me' checkbox
2019-05-19 21:08:18 DEBUG HomePage:36 - Click on user profile
2019-05-19 21:08:21 DEBUG ProfilePage:53 - Click on user image
2019-05-19 21:08:22 DEBUG ProfilePage:89 - Upload file from: C:\Users\marko.bogdanovic\workspace\QAAutomationTaskMB\resources\images\iipsrv.jpg
2019-05-19 21:08:22 DEBUG ProfilePage:118 - confirm upload
2019-05-19 21:08:28 DEBUG ProfilePage:135 - no such element: Unable to locate element: {"method":"xpath","selector":"/img"}
  (Session info: chrome=74.0.3729.157)
  (Driver info: chromedriver=74.0.3729.6 (255758eccf3d244491b8a1317aa76e1ce10d57e9-refs/branch-heads/3729@{#29}),platform=Windows NT 10.0.15063 x86_64) (WARNING: The server did not provide any stacktrace information)
Command duration or timeout: 0 milliseconds
For documentation on this error, please visit: https://www.seleniumhq.org/exceptions/no_such_element.html
Build info: version: '3.141.59', revision: 'e82be7d358', time: '2018-11-14T08:25:53'
System info: host: 'EN510032', ip: '169.254.88.226', os.name: 'Windows 10', os.arch: 'amd64', os.version: '10.0', java.version: '1.8.0_181'
Driver info: org.openqa.selenium.chrome.ChromeDriver
Capabilities {acceptInsecureCerts: false, acceptSslCerts: false, applicationCacheEnabled: false, browserConnectionEnabled: false, browserName: chrome, chrome: {chromedriverVersion: 74.0.3729.6 (255758eccf3d24..., userDataDir: C:\Users\MARKO~1.BOG\AppDat...}, cssSelectorsEnabled: true, databaseEnabled: false, goog:chromeOptions: {debuggerAddress: localhost:9278}, handlesAlerts: true, hasTouchScreen: false, javascriptEnabled: true, locationContextEnabled: true, mobileEmulationEnabled: false, nativeEvents: true, networkConnectionEnabled: false, pageLoadStrategy: normal, platform: XP, platformName: XP, proxy: Proxy(), rotatable: false, setWindowRect: true, strictFileInteractability: false, takesHeapSnapshot: true, takesScreenshot: true, timeouts: {implicit: 0, pageLoad: 300000, script: 30000}, unexpectedAlertBehaviour: ignore, unhandledPromptBehavior: ignore, version: 74.0.3729.157, webStorageEnabled: true}
Session ID: e3f8f7fe7d1450afd6d5e86600945c62
*** Element info: {Using=xpath, value=/img}
2019-05-19 21:08:28 DEBUG ProfilePage:56 - Closing  browser
2019-05-19 21:09:07 DEBUG ProfilePage:33 - testUploadProfileImage
2019-05-19 21:09:12 DEBUG seleniumTestSuite:33 - setUpWebBrowser(browser) - returns HomePage with chosen browser driver
2019-05-19 21:09:12 DEBUG LoginPage:32 - Open login page
2019-05-19 21:09:17 DEBUG LoginPage:40 - Sign in
2019-05-19 21:09:18 DEBUG LoginPage:51 - Uncheck 'remember me' checkbox
2019-05-19 21:09:19 DEBUG HomePage:36 - Click on user profile
2019-05-19 21:09:22 DEBUG ProfilePage:53 - Click on user image
2019-05-19 21:09:38 DEBUG ProfilePage:56 - Closing  browser
2019-05-19 21:10:30 DEBUG ProfilePage:33 - testUploadProfileImage
2019-05-19 21:10:36 DEBUG seleniumTestSuite:33 - setUpWebBrowser(browser) - returns HomePage with chosen browser driver
2019-05-19 21:10:36 DEBUG LoginPage:32 - Open login page
2019-05-19 21:10:38 DEBUG LoginPage:40 - Sign in
2019-05-19 21:10:40 DEBUG LoginPage:51 - Uncheck 'remember me' checkbox
2019-05-19 21:10:41 DEBUG HomePage:36 - Click on user profile
2019-05-19 21:10:44 DEBUG ProfilePage:53 - Click on user image
2019-05-19 21:10:45 DEBUG ProfilePage:89 - Upload file from: C:\Users\marko.bogdanovic\workspace\QAAutomationTaskMB\resources\images\iipsrv.jpg
2019-05-19 21:10:47 DEBUG ProfilePage:118 - confirm upload
2019-05-19 21:10:52 DEBUG ProfilePage:135 - no such element: Unable to locate element: {"method":"xpath","selector":"/img"}
  (Session info: chrome=74.0.3729.157)
  (Driver info: chromedriver=74.0.3729.6 (255758eccf3d244491b8a1317aa76e1ce10d57e9-refs/branch-heads/3729@{#29}),platform=Windows NT 10.0.15063 x86_64) (WARNING: The server did not provide any stacktrace information)
Command duration or timeout: 0 milliseconds
For documentation on this error, please visit: https://www.seleniumhq.org/exceptions/no_such_element.html
Build info: version: '3.141.59', revision: 'e82be7d358', time: '2018-11-14T08:25:53'
System info: host: 'EN510032', ip: '169.254.88.226', os.name: 'Windows 10', os.arch: 'amd64', os.version: '10.0', java.version: '1.8.0_181'
Driver info: org.openqa.selenium.chrome.ChromeDriver
Capabilities {acceptInsecureCerts: false, acceptSslCerts: false, applicationCacheEnabled: false, browserConnectionEnabled: false, browserName: chrome, chrome: {chromedriverVersion: 74.0.3729.6 (255758eccf3d24..., userDataDir: C:\Users\MARKO~1.BOG\AppDat...}, cssSelectorsEnabled: true, databaseEnabled: false, goog:chromeOptions: {debuggerAddress: localhost:9393}, handlesAlerts: true, hasTouchScreen: false, javascriptEnabled: true, locationContextEnabled: true, mobileEmulationEnabled: false, nativeEvents: true, networkConnectionEnabled: false, pageLoadStrategy: normal, platform: XP, platformName: XP, proxy: Proxy(), rotatable: false, setWindowRect: true, strictFileInteractability: false, takesHeapSnapshot: true, takesScreenshot: true, timeouts: {implicit: 0, pageLoad: 300000, script: 30000}, unexpectedAlertBehaviour: ignore, unhandledPromptBehavior: ignore, version: 74.0.3729.157, webStorageEnabled: true}
Session ID: ce2d839c1cdfbf2b8a41e70217f51242
*** Element info: {Using=xpath, value=/img}
2019-05-19 21:10:52 DEBUG ProfilePage:56 - Closing  browser
2019-05-19 21:28:13 DEBUG ProfilePage:33 - testUploadProfileImage
2019-05-19 21:28:19 DEBUG seleniumTestSuite:33 - setUpWebBrowser(browser) - returns HomePage with chosen browser driver
2019-05-19 21:28:19 DEBUG LoginPage:32 - Open login page
2019-05-19 21:28:22 DEBUG LoginPage:40 - Sign in
2019-05-19 21:28:24 DEBUG LoginPage:51 - Uncheck 'remember me' checkbox
2019-05-19 21:28:25 DEBUG HomePage:36 - Click on user profile
2019-05-19 21:28:27 DEBUG ProfilePage:56 - Closing  browser
2019-05-19 21:29:03 DEBUG ProfilePage:33 - testUploadProfileImage
2019-05-19 21:29:08 DEBUG seleniumTestSuite:33 - setUpWebBrowser(browser) - returns HomePage with chosen browser driver
2019-05-19 21:29:08 DEBUG LoginPage:32 - Open login page
2019-05-19 21:29:11 DEBUG LoginPage:40 - Sign in
2019-05-19 21:29:11 DEBUG LoginPage:51 - Uncheck 'remember me' checkbox
2019-05-19 21:29:13 DEBUG HomePage:36 - Click on user profile
2019-05-19 21:29:16 DEBUG ProfilePage:53 - Click on user image
2019-05-19 21:29:37 DEBUG ProfilePage:56 - Closing  browser
2019-05-19 21:29:47 DEBUG ProfilePage:33 - testUploadProfileImage
2019-05-19 21:30:00 DEBUG ProfilePage:33 - testUploadProfileImage
2019-05-19 21:30:01 DEBUG seleniumTestSuite:33 - setUpWebBrowser(browser) - returns HomePage with chosen browser driver
2019-05-19 21:30:01 DEBUG LoginPage:32 - Open login page
2019-05-19 21:30:05 DEBUG seleniumTestSuite:33 - setUpWebBrowser(browser) - returns HomePage with chosen browser driver
2019-05-19 21:30:05 DEBUG LoginPage:32 - Open login page
2019-05-19 21:30:07 DEBUG ProfilePage:56 - Closing  browser
2019-05-19 21:30:07 DEBUG LoginPage:40 - Sign in
2019-05-19 21:30:08 DEBUG LoginPage:51 - Uncheck 'remember me' checkbox
2019-05-19 21:30:10 DEBUG HomePage:36 - Click on user profile
2019-05-19 21:30:12 DEBUG ProfilePage:53 - Click on user image
2019-05-19 21:30:13 DEBUG ProfilePage:89 - Upload file from: C:\Users\marko.bogdanovic\workspace\QAAutomationTaskMB\resources\images\iipsrv.jpg
2019-05-19 21:30:15 DEBUG ProfilePage:118 - confirm upload
2019-05-19 21:30:15 DEBUG BasePage:74 - Logout
2019-05-19 21:30:17 DEBUG ProfilePage:49 - Successfull first test
2019-05-19 21:30:17 DEBUG ProfilePage:56 - Closing  browser
2019-05-19 21:31:15 DEBUG ProfilePage:33 - testUploadProfileImage
2019-05-19 21:31:19 DEBUG seleniumTestSuite:33 - setUpWebBrowser(browser) - returns HomePage with chosen browser driver
2019-05-19 21:31:19 DEBUG LoginPage:32 - Open login page
2019-05-19 21:31:22 DEBUG LoginPage:40 - Sign in
2019-05-19 21:31:22 DEBUG LoginPage:51 - Uncheck 'remember me' checkbox
2019-05-19 21:31:24 DEBUG HomePage:36 - Click on user profile
2019-05-19 21:31:26 DEBUG ProfilePage:56 - Closing  browser
2019-05-19 21:31:45 DEBUG ProfilePage:33 - testUploadProfileImage
2019-05-19 21:31:50 DEBUG seleniumTestSuite:33 - setUpWebBrowser(browser) - returns HomePage with chosen browser driver
2019-05-19 21:31:50 DEBUG LoginPage:32 - Open login page
2019-05-19 21:31:53 DEBUG LoginPage:40 - Sign in
2019-05-19 21:31:53 DEBUG LoginPage:51 - Uncheck 'remember me' checkbox
2019-05-19 21:31:55 DEBUG HomePage:36 - Click on user profile
2019-05-19 21:31:57 DEBUG ProfilePage:53 - Click on user image
2019-05-19 21:31:58 DEBUG ProfilePage:89 - Upload file from: C:\Users\marko.bogdanovic\workspace\QAAutomationTaskMB\resources\images\iipsrv.jpg
2019-05-19 21:32:00 DEBUG ProfilePage:118 - confirm upload
2019-05-19 21:32:00 DEBUG ProfilePage:49 - Successfull first test
2019-05-19 21:32:00 DEBUG ProfilePage:56 - Closing  browser
2019-05-19 21:34:22 DEBUG ProfilePage:33 - testUploadProfileImage
2019-05-19 21:34:26 DEBUG seleniumTestSuite:33 - setUpWebBrowser(browser) - returns HomePage with chosen browser driver
2019-05-19 21:34:26 DEBUG LoginPage:32 - Open login page
2019-05-19 21:34:30 DEBUG LoginPage:40 - Sign in
2019-05-19 21:34:30 DEBUG LoginPage:51 - Uncheck 'remember me' checkbox
2019-05-19 21:34:31 DEBUG HomePage:36 - Click on user profile
2019-05-19 21:34:34 DEBUG ProfilePage:53 - Click on user image
2019-05-19 21:34:35 DEBUG ProfilePage:89 - Upload file from: C:\Users\marko.bogdanovic\workspace\QAAutomationTaskMB\resources\images\iipsrv.jpg
2019-05-19 21:34:37 DEBUG ProfilePage:118 - confirm upload
2019-05-19 21:34:37 DEBUG ProfilePage:132 - Image is displayed
2019-05-19 21:34:37 DEBUG ProfilePage:56 - Closing  browser
2019-05-19 21:40:53 DEBUG ProfilePage:33 - testUploadProfileImage
2019-05-19 21:40:58 DEBUG seleniumTestSuite:33 - setUpWebBrowser(browser) - returns HomePage with chosen browser driver
2019-05-19 21:40:58 DEBUG LoginPage:32 - Open login page
2019-05-19 21:41:02 DEBUG LoginPage:40 - Sign in
2019-05-19 21:41:03 DEBUG LoginPage:51 - Uncheck 'remember me' checkbox
2019-05-19 21:41:04 DEBUG HomePage:36 - Click on user profile
2019-05-19 21:41:07 DEBUG ProfilePage:53 - Click on user image
2019-05-19 21:41:32 DEBUG ProfilePage:33 - testUploadProfileImage
2019-05-19 21:41:37 DEBUG seleniumTestSuite:33 - setUpWebBrowser(browser) - returns HomePage with chosen browser driver
2019-05-19 21:41:37 DEBUG LoginPage:32 - Open login page
2019-05-19 21:41:39 DEBUG LoginPage:40 - Sign in
2019-05-19 21:41:40 DEBUG LoginPage:51 - Uncheck 'remember me' checkbox
2019-05-19 21:41:41 DEBUG HomePage:36 - Click on user profile
2019-05-19 21:41:45 DEBUG ProfilePage:53 - Click on user image
2019-05-19 21:41:45 DEBUG ProfilePage:89 - Upload file from: C:\Users\marko.bogdanovic\workspace\QAAutomationTaskMB\resources\images\iipsrv.jpg
2019-05-19 21:41:47 DEBUG ProfilePage:118 - confirm upload
2019-05-19 21:42:09 DEBUG ProfilePage:132 - Image is displayed
2019-05-19 21:42:11 DEBUG ProfilePage:135 - Image is displayed
2019-05-19 21:42:15 DEBUG ProfilePage:49 - Successfull first test
2019-05-19 21:42:18 DEBUG ProfilePage:56 - Closing  browser
2019-05-19 21:42:23 DEBUG ProfilePage:33 - testUploadProfileImage
2019-05-19 21:42:27 DEBUG seleniumTestSuite:33 - setUpWebBrowser(browser) - returns HomePage with chosen browser driver
2019-05-19 21:42:27 DEBUG LoginPage:32 - Open login page
2019-05-19 21:42:30 DEBUG LoginPage:40 - Sign in
2019-05-19 21:42:31 DEBUG LoginPage:51 - Uncheck 'remember me' checkbox
2019-05-19 21:42:32 DEBUG HomePage:36 - Click on user profile
2019-05-19 21:42:36 DEBUG ProfilePage:53 - Click on user image
2019-05-19 21:42:36 DEBUG ProfilePage:89 - Upload file from: C:\Users\marko.bogdanovic\workspace\QAAutomationTaskMB\resources\images\iipsrv.jpg
2019-05-19 21:42:38 DEBUG ProfilePage:118 - confirm upload
2019-05-19 21:42:39 DEBUG ProfilePage:132 - Image is displayed
2019-05-19 21:42:39 DEBUG ProfilePage:56 - Closing  browser
2019-05-19 21:43:57 DEBUG ProfilePage:33 - testUploadProfileImage
2019-05-19 21:44:02 DEBUG seleniumTestSuite:33 - setUpWebBrowser(browser) - returns HomePage with chosen browser driver
2019-05-19 21:44:02 DEBUG LoginPage:32 - Open login page
2019-05-19 21:44:04 DEBUG LoginPage:40 - Sign in
2019-05-19 21:44:05 DEBUG LoginPage:51 - Uncheck 'remember me' checkbox
2019-05-19 21:44:06 DEBUG HomePage:36 - Click on user profile
2019-05-19 21:44:09 DEBUG ProfilePage:53 - Click on user image
2019-05-19 21:44:10 DEBUG ProfilePage:56 - Closing  browser
2019-05-19 21:44:16 DEBUG ProfilePage:33 - testUploadProfileImage
2019-05-19 21:44:21 DEBUG seleniumTestSuite:33 - setUpWebBrowser(browser) - returns HomePage with chosen browser driver
2019-05-19 21:44:21 DEBUG LoginPage:32 - Open login page
2019-05-19 21:44:25 DEBUG LoginPage:40 - Sign in
2019-05-19 21:44:26 DEBUG LoginPage:51 - Uncheck 'remember me' checkbox
2019-05-19 21:44:28 DEBUG HomePage:36 - Click on user profile
2019-05-19 21:44:31 DEBUG ProfilePage:53 - Click on user image
2019-05-19 21:44:31 DEBUG ProfilePage:89 - Upload file from: C:\Users\marko.bogdanovic\workspace\QAAutomationTaskMB\resources\images\iipsrv.jpg
2019-05-19 21:44:33 DEBUG ProfilePage:118 - confirm upload
2019-05-19 21:44:34 DEBUG ProfilePage:49 - Successfull first test
2019-05-19 21:44:34 DEBUG ProfilePage:56 - Closing  browser
2019-05-19 21:44:56 DEBUG ProfilePage:33 - testUploadProfileImage
2019-05-19 21:45:02 DEBUG seleniumTestSuite:33 - setUpWebBrowser(browser) - returns HomePage with chosen browser driver
2019-05-19 21:45:02 DEBUG LoginPage:32 - Open login page
2019-05-19 21:45:05 DEBUG LoginPage:40 - Sign in
2019-05-19 21:45:05 DEBUG LoginPage:51 - Uncheck 'remember me' checkbox
2019-05-19 21:45:07 DEBUG HomePage:36 - Click on user profile
2019-05-19 21:45:09 DEBUG ProfilePage:53 - Click on user image
2019-05-19 21:45:31 DEBUG ProfilePage:56 - Closing  browser
2019-05-19 21:45:58 DEBUG ProfilePage:33 - testUploadProfileImage
2019-05-19 21:46:03 DEBUG seleniumTestSuite:33 - setUpWebBrowser(browser) - returns HomePage with chosen browser driver
2019-05-19 21:46:03 DEBUG LoginPage:32 - Open login page
2019-05-19 21:46:06 DEBUG LoginPage:40 - Sign in
2019-05-19 21:46:06 DEBUG LoginPage:51 - Uncheck 'remember me' checkbox
2019-05-19 21:46:07 DEBUG HomePage:36 - Click on user profile
2019-05-19 21:46:11 DEBUG ProfilePage:53 - Click on user image
2019-05-19 21:46:11 DEBUG ProfilePage:56 - Closing  browser
2019-05-19 21:47:12 DEBUG ProfilePage:33 - testUploadProfileImage
2019-05-19 21:47:17 DEBUG seleniumTestSuite:33 - setUpWebBrowser(browser) - returns HomePage with chosen browser driver
2019-05-19 21:47:17 DEBUG LoginPage:32 - Open login page
2019-05-19 21:47:20 DEBUG LoginPage:40 - Sign in
2019-05-19 21:47:21 DEBUG LoginPage:51 - Uncheck 'remember me' checkbox
2019-05-19 21:47:22 DEBUG HomePage:36 - Click on user profile
2019-05-19 21:47:25 DEBUG ProfilePage:53 - Click on user image
2019-05-19 21:47:47 DEBUG ProfilePage:56 - Closing  browser
2019-05-19 21:48:06 DEBUG ProfilePage:33 - testUploadProfileImage
2019-05-19 21:48:11 DEBUG seleniumTestSuite:33 - setUpWebBrowser(browser) - returns HomePage with chosen browser driver
2019-05-19 21:48:11 DEBUG LoginPage:32 - Open login page
2019-05-19 21:48:14 DEBUG LoginPage:40 - Sign in
2019-05-19 21:48:15 DEBUG LoginPage:51 - Uncheck 'remember me' checkbox
2019-05-19 21:48:16 DEBUG HomePage:36 - Click on user profile
2019-05-19 21:48:19 DEBUG ProfilePage:53 - Click on user image
2019-05-19 21:48:20 DEBUG ProfilePage:89 - Upload file from: C:\Users\marko.bogdanovic\workspace\QAAutomationTaskMB\resources\images\iipsrv.jpg
2019-05-19 21:48:22 DEBUG ProfilePage:118 - confirm upload
2019-05-19 21:48:22 DEBUG ProfilePage:49 - Successfull first test
2019-05-19 21:48:22 DEBUG ProfilePage:56 - Closing  browser
2019-05-19 21:49:38 DEBUG ProfilePage:33 - testUploadProfileImage
2019-05-19 21:49:42 DEBUG seleniumTestSuite:33 - setUpWebBrowser(browser) - returns HomePage with chosen browser driver
2019-05-19 21:49:42 DEBUG LoginPage:32 - Open login page
2019-05-19 21:49:45 DEBUG LoginPage:40 - Sign in
2019-05-19 21:49:46 DEBUG LoginPage:51 - Uncheck 'remember me' checkbox
2019-05-19 21:49:47 DEBUG HomePage:36 - Click on user profile
2019-05-19 21:49:51 DEBUG ProfilePage:53 - Click on user image
2019-05-19 21:50:12 DEBUG ProfilePage:56 - Closing  browser
2019-05-19 21:50:46 DEBUG ProfilePage:33 - testUploadProfileImage
2019-05-19 21:51:00 DEBUG seleniumTestSuite:33 - setUpWebBrowser(browser) - returns HomePage with chosen browser driver
2019-05-19 21:51:00 DEBUG LoginPage:32 - Open login page
2019-05-19 21:51:01 DEBUG LoginPage:40 - Sign in
2019-05-19 21:51:13 DEBUG ProfilePage:56 - Closing  browser
2019-05-19 21:52:32 DEBUG ProfilePage:33 - testUploadProfileImage
2019-05-19 21:52:37 DEBUG seleniumTestSuite:33 - setUpWebBrowser(browser) - returns HomePage with chosen browser driver
2019-05-19 21:52:37 DEBUG LoginPage:32 - Open login page
2019-05-19 21:52:40 DEBUG LoginPage:40 - Sign in
2019-05-19 21:52:40 DEBUG LoginPage:51 - Uncheck 'remember me' checkbox
2019-05-19 21:52:41 DEBUG HomePage:36 - Click on user profile
2019-05-19 21:52:44 DEBUG ProfilePage:53 - Click on user image
2019-05-19 21:52:45 DEBUG ProfilePage:89 - Upload file from: C:\Users\marko.bogdanovic\workspace\QAAutomationTaskMB\resources\images\iipsrv.jpg
2019-05-19 21:52:47 DEBUG ProfilePage:118 - confirm upload
2019-05-19 21:52:47 DEBUG ProfilePage:56 - Closing  browser
2019-05-19 21:57:11 DEBUG ProfilePage:33 - testUploadProfileImage
2019-05-19 21:57:16 DEBUG seleniumTestSuite:33 - setUpWebBrowser(browser) - returns HomePage with chosen browser driver
2019-05-19 21:57:16 DEBUG LoginPage:32 - Open login page
2019-05-19 21:57:19 DEBUG LoginPage:40 - Sign in
2019-05-19 21:57:19 DEBUG LoginPage:51 - Uncheck 'remember me' checkbox
2019-05-19 21:57:21 DEBUG HomePage:36 - Click on user profile
2019-05-19 21:57:24 DEBUG ProfilePage:53 - Click on user image
2019-05-19 21:57:24 DEBUG ProfilePage:89 - Upload file from: C:\Users\marko.bogdanovic\workspace\QAAutomationTaskMB\resources\images\iipsrv.jpg
2019-05-19 21:57:26 DEBUG ProfilePage:118 - confirm upload
2019-05-19 21:57:27 DEBUG ProfilePage:131 - Image is displayed
2019-05-19 21:57:27 DEBUG ProfilePage:49 - Successfull first test
2019-05-19 21:57:27 DEBUG ProfilePage:56 - Closing  browser
2019-05-19 21:57:57 DEBUG ProfilePage:33 - testUploadProfileImage
2019-05-19 21:58:01 DEBUG seleniumTestSuite:33 - setUpWebBrowser(browser) - returns HomePage with chosen browser driver
2019-05-19 21:58:01 DEBUG LoginPage:32 - Open login page
2019-05-19 21:58:04 DEBUG LoginPage:40 - Sign in
2019-05-19 21:58:05 DEBUG LoginPage:51 - Uncheck 'remember me' checkbox
2019-05-19 21:58:06 DEBUG HomePage:36 - Click on user profile
2019-05-19 21:58:09 DEBUG ProfilePage:53 - Click on user image
2019-05-19 21:58:09 DEBUG ProfilePage:56 - Closing  browser
2019-05-19 21:58:19 DEBUG ProfilePage:33 - testUploadProfileImage
2019-05-19 21:58:24 DEBUG seleniumTestSuite:33 - setUpWebBrowser(browser) - returns HomePage with chosen browser driver
2019-05-19 21:58:25 DEBUG LoginPage:32 - Open login page
2019-05-19 21:58:28 DEBUG LoginPage:40 - Sign in
2019-05-19 21:58:28 DEBUG LoginPage:51 - Uncheck 'remember me' checkbox
2019-05-19 21:58:29 DEBUG HomePage:36 - Click on user profile
2019-05-19 21:58:32 DEBUG ProfilePage:53 - Click on user image
2019-05-19 21:58:33 DEBUG ProfilePage:89 - Upload file from: C:\Users\marko.bogdanovic\workspace\QAAutomationTaskMB\resources\images\iipsrv.jpg
2019-05-19 21:58:35 DEBUG ProfilePage:118 - confirm upload
2019-05-19 21:58:35 DEBUG ProfilePage:131 - Image is displayed
2019-05-19 21:58:35 DEBUG BasePage:74 - Logout
2019-05-19 21:58:38 DEBUG ProfilePage:49 - Successfull first test
2019-05-19 21:58:38 DEBUG ProfilePage:56 - Closing  browser
2019-05-19 22:02:45 DEBUG ProfilePage:33 - testUploadProfileImage
2019-05-19 22:02:51 DEBUG seleniumTestSuite:33 - setUpWebBrowser(browser) - returns HomePage with chosen browser driver
2019-05-19 22:02:51 DEBUG LoginPage:32 - Open login page
2019-05-19 22:02:54 DEBUG LoginPage:40 - Sign in
2019-05-19 22:02:55 DEBUG LoginPage:51 - Uncheck 'remember me' checkbox
2019-05-19 22:02:56 DEBUG HomePage:36 - Click on user profile
2019-05-19 22:02:58 DEBUG ProfilePage:56 - Closing  browser
2019-05-19 22:03:10 DEBUG ProfilePage:33 - testUploadProfileImage
2019-05-19 22:03:14 DEBUG seleniumTestSuite:33 - setUpWebBrowser(browser) - returns HomePage with chosen browser driver
2019-05-19 22:03:14 DEBUG LoginPage:32 - Open login page
2019-05-19 22:03:17 DEBUG LoginPage:40 - Sign in
2019-05-19 22:03:17 DEBUG LoginPage:51 - Uncheck 'remember me' checkbox
2019-05-19 22:03:18 DEBUG HomePage:36 - Click on user profile
2019-05-19 22:03:22 DEBUG ProfilePage:53 - Click on user image
2019-05-19 22:03:22 DEBUG ProfilePage:87 - Upload file from: C:\Users\marko.bogdanovic\workspace\QAAutomationTaskMB\resources\images\iipsrv.jpg
2019-05-19 22:03:24 DEBUG ProfilePage:120 - confirm upload
2019-05-19 22:03:24 DEBUG ProfilePage:133 - Image is displayed
2019-05-19 22:03:24 DEBUG BasePage:74 - Logout
2019-05-19 22:03:27 DEBUG ProfilePage:49 - Successfull first test
2019-05-19 22:03:27 DEBUG ProfilePage:56 - Closing  browser
2019-05-19 22:04:38 DEBUG GroupsTopicsPage:37 - testCreateTopicAndConclusion
2019-05-19 22:04:43 DEBUG seleniumTestSuite:33 - setUpWebBrowser(browser) - returns HomePage with chosen browser driver
2019-05-19 22:04:43 DEBUG LoginPage:32 - Open login page
2019-05-19 22:04:46 DEBUG LoginPage:40 - Sign in
2019-05-19 22:04:46 DEBUG LoginPage:51 - Uncheck 'remember me' checkbox
2019-05-19 22:04:47 DEBUG HomePage:48 - createGroupFromHomePage
2019-05-19 22:04:49 DEBUG GroupsTopicsPage:63 - create topic
2019-05-19 22:04:50 DEBUG GroupsTopicsPage:72 - created topic: topic test 1558296278781
2019-05-19 22:05:00 DEBUG BasePage:74 - Logout
2019-05-19 22:05:02 DEBUG GroupsTopicsPage:66 - Closing  browser
2019-05-19 22:05:27 DEBUG GroupsTopicsPage:35 - testCheckConcludedTopic
2019-05-19 22:05:31 DEBUG seleniumTestSuite:33 - setUpWebBrowser(browser) - returns HomePage with chosen browser driver
2019-05-19 22:05:31 DEBUG LoginPage:32 - Open login page
2019-05-19 22:05:34 DEBUG LoginPage:40 - Sign in
2019-05-19 22:05:35 DEBUG LoginPage:51 - Uncheck 'remember me' checkbox
2019-05-19 22:05:37 DEBUG GroupsTopicsPage:56 - Closing  browser
2019-05-19 22:06:35 DEBUG GroupsTopicsPage:35 - testCheckConcludedTopic
2019-05-19 22:06:40 DEBUG seleniumTestSuite:33 - setUpWebBrowser(browser) - returns HomePage with chosen browser driver
2019-05-19 22:06:40 DEBUG LoginPage:32 - Open login page
2019-05-19 22:06:43 DEBUG LoginPage:40 - Sign in
2019-05-19 22:06:43 DEBUG LoginPage:51 - Uncheck 'remember me' checkbox
2019-05-19 22:06:47 DEBUG HomePage:22 - getConclusionsInitiator
2019-05-19 22:06:49 DEBUG BasePage:74 - Logout
2019-05-19 22:06:51 DEBUG GroupsTopicsPage:56 - Closing  browser
2019-05-19 22:07:12 DEBUG ProfilePage:33 - testUploadProfileImage
2019-05-19 22:07:57 DEBUG ProfilePage:33 - testUploadProfileImage
2019-05-19 22:08:03 DEBUG seleniumTestSuite:33 - setUpWebBrowser(browser) - returns HomePage with chosen browser driver
2019-05-19 22:08:03 DEBUG LoginPage:32 - Open login page
2019-05-19 22:08:07 DEBUG LoginPage:40 - Sign in
2019-05-19 22:08:08 DEBUG LoginPage:51 - Uncheck 'remember me' checkbox
2019-05-19 22:08:10 DEBUG HomePage:35 - Click on user profile
2019-05-19 22:08:16 DEBUG ProfilePage:53 - Click on user image
2019-05-19 22:08:16 DEBUG ProfilePage:87 - Upload file from: C:\Users\marko.bogdanovic\workspace\QAAutomationTaskMB\resources\images\iipsrv.jpg
2019-05-19 22:08:18 DEBUG ProfilePage:120 - confirm upload
2019-05-19 22:08:19 DEBUG ProfilePage:133 - Image is displayed
2019-05-19 22:08:19 DEBUG BasePage:74 - Logout
2019-05-19 22:08:21 DEBUG ProfilePage:49 - Successfull first test
2019-05-19 22:08:21 DEBUG ProfilePage:56 - Closing  browser
2019-05-19 22:08:31 DEBUG GroupsTopicsPage:37 - testCreateTopicAndConclusion
2019-05-19 22:08:36 DEBUG seleniumTestSuite:33 - setUpWebBrowser(browser) - returns HomePage with chosen browser driver
2019-05-19 22:08:36 DEBUG LoginPage:32 - Open login page
2019-05-19 22:08:39 DEBUG LoginPage:40 - Sign in
2019-05-19 22:08:40 DEBUG LoginPage:51 - Uncheck 'remember me' checkbox
2019-05-19 22:08:41 DEBUG HomePage:46 - createGroupFromHomePage
2019-05-19 22:08:43 DEBUG GroupsTopicsPage:63 - create topic
2019-05-19 22:08:43 DEBUG GroupsTopicsPage:72 - created topic: topic test 1558296511930
2019-05-19 22:08:53 DEBUG BasePage:74 - Logout
2019-05-19 22:08:55 DEBUG GroupsTopicsPage:66 - Closing  browser
2019-05-19 22:09:08 DEBUG GroupsTopicsPage:37 - testCreateTopicAndConclusion
2019-05-19 22:09:46 DEBUG GroupsTopicsPage:37 - testCreateTopicAndConclusion
2019-05-19 22:09:51 DEBUG seleniumTestSuite:33 - setUpWebBrowser(browser) - returns HomePage with chosen browser driver
2019-05-19 22:09:51 DEBUG LoginPage:32 - Open login page
2019-05-19 22:09:56 DEBUG LoginPage:40 - Sign in
2019-05-19 22:09:56 DEBUG LoginPage:51 - Uncheck 'remember me' checkbox
2019-05-19 22:09:58 DEBUG HomePage:46 - createGroupFromHomePage
2019-05-19 22:10:00 DEBUG GroupsTopicsPage:63 - create topic
2019-05-19 22:10:01 DEBUG GroupsTopicsPage:72 - created topic: topic test 1558296586896
2019-05-19 22:10:12 DEBUG BasePage:74 - Logout
2019-05-19 22:10:17 DEBUG GroupsTopicsPage:66 - Closing  browser
2019-05-19 22:11:14 DEBUG GroupsTopicsPage:35 - testCheckConcludedTopic
2019-05-19 22:11:19 DEBUG seleniumTestSuite:33 - setUpWebBrowser(browser) - returns HomePage with chosen browser driver
2019-05-19 22:11:19 DEBUG LoginPage:32 - Open login page
2019-05-19 22:11:22 DEBUG LoginPage:40 - Sign in
2019-05-19 22:11:24 DEBUG LoginPage:51 - Uncheck 'remember me' checkbox
2019-05-19 22:11:29 DEBUG HomePage:22 - getConclusionsInitiator
2019-05-19 22:11:31 DEBUG BasePage:74 - Logout
2019-05-19 22:11:35 DEBUG GroupsTopicsPage:56 - Closing  browser
